Vivado Simulator v2022.2
Copyright 1986-1999, 2001-2022 Xilinx, Inc. All Rights Reserved.
Running: /home/user/Xilinx/Vivado/2022.2/bin/unwrapped/lnx64.o/xelab --incr --debug typical --relax --mt 8 -L xil_defaultlib -L uvm -L unisims_ver -L unimacro_ver -L secureip --snapshot testbench_behav xil_defaultlib.testbench xil_defaultlib.glbl -log elaborate.log 
Using 8 slave threads.
Starting static elaboration
Pass Through NonSizing Optimizer
Completed static elaboration
Starting simulation data flow analysis
WARNING: [XSIM 43-4100] "/home/user/Desktop/lab2_2/lab2_2.srcs/sim_1/imports/sim_sources/testbench.sv" Line 1. Module testbench has a timescale but at least one module in design doesn't have timescale.
WARNING: [XSIM 43-4100] "/home/user/Desktop/lab2_2/lab2_2.srcs/sim_1/imports/sim_sources/testbench.sv" Line 1. Module testbench has a timescale but at least one module in design doesn't have timescale.
WARNING: [XSIM 43-4100] "/home/user/Desktop/lab2_2/lab2_2.sim/sim_1/behav/xsim/glbl.v" Line 6. Module glbl has a timescale but at least one module in design doesn't have timescale.
WARNING: [XSIM 43-4100] "/home/user/Desktop/lab2_2/lab2_2.sim/sim_1/behav/xsim/glbl.v" Line 6. Module glbl has a timescale but at least one module in design doesn't have timescale.
Completed simulation data flow analysis
Time Resolution for simulation is 1ps
Compiling package xil_defaultlib.$unit_Control_sv_1600465912
Compiling module xil_defaultlib.reg_4
Compiling module xil_defaultlib.register_unit
Compiling module xil_defaultlib.compute
Compiling module xil_defaultlib.router
Compiling module xil_defaultlib.control
Compiling module xil_defaultlib.nibble_to_hex
Compiling module xil_defaultlib.HexDriver_default
Compiling module xil_defaultlib.sync_debounce
Compiling module xil_defaultlib.Processor_default
Compiling module xil_defaultlib.testbench
Compiling module xil_defaultlib.glbl
Built simulation snapshot testbench_behav
