
*** Running vivado
    with args -log Processor.vds -m64 -product Vivado -mode batch -messageDb vivado.pb -notrace -source Processor.tcl


****** Vivado v2022.2 (64-bit)
  **** SW Build 3671981 on Fri Oct 14 04:59:54 MDT 2022
  **** IP Build 3669848 on Fri Oct 14 08:30:02 MDT 2022
    ** Copyright 1986-2022 Xilinx, Inc. All Rights Reserved.

source Processor.tcl -notrace
create_project: Time (s): cpu = 00:00:06 ; elapsed = 00:00:06 . Memory (MB): peak = 1718.102 ; gain = 29.160 ; free physical = 99 ; free virtual = 3292
Command: read_checkpoint -auto_incremental -incremental /home/user/Desktop/lab2_2/lab2_2.srcs/utils_1/imports/synth_1/Processor.dcp
INFO: [Vivado 12-5825] Read reference checkpoint from /home/user/Desktop/lab2_2/lab2_2.srcs/utils_1/imports/synth_1/Processor.dcp for incremental synthesis
INFO: [Vivado 12-7989] Please ensure there are no constraint changes
Command: synth_design -top Processor -part xc7s50csga324-1
Starting synth_design
Attempting to get a license for feature 'Synthesis' and/or device 'xc7s50'
INFO: [Common 17-349] Got license for feature 'Synthesis' and/or device 'xc7s50'
INFO: [Device 21-403] Loading part xc7s50csga324-1
INFO: [Designutils 20-5440] No compile time benefit to using incremental synthesis; A full resynthesis will be run
INFO: [Designutils 20-4379] Flow is switching to default flow due to incremental criteria not met. If you would like to alter this behaviour and have the flow terminate instead, please set the following parameter config_implementation {autoIncr.Synth.RejectBehavior Terminate}
INFO: [Synth 8-7079] Multithreading enabled for synth_design using a maximum of 4 processes.
INFO: [Synth 8-7078] Launching helper process for spawning children vivado processes
INFO: [Synth 8-7075] Helper process launched with PID 2746
INFO: [Synth 8-11241] undeclared symbol 'REGCCE', assumed default net type 'wire' [/home/user/Xilinx/Vivado/2022.2/data/verilog/src/unimacro/BRAM_SINGLE_MACRO.v:2170]
WARNING: [Synth 8-11121] redeclaration of ANSI port 'q' is not allowed [/home/user/Desktop/lab2_2/lab2_2.srcs/sources_1/imports/design_source/Synchronizers.sv:20]
---------------------------------------------------------------------------------
Starting RTL Elaboration : Time (s): cpu = 00:00:05 ; elapsed = 00:00:05 . Memory (MB): peak = 2456.684 ; gain = 378.086 ; free physical = 99 ; free virtual = 2623
Synthesis current peak Physical Memory [PSS] (MB): peak = 1651.339; parent = 1365.211; children = 286.128
Synthesis current peak Virtual Memory [VSS] (MB): peak = 4221.855; parent = 2456.719; children = 1765.137
---------------------------------------------------------------------------------
INFO: [Synth 8-6157] synthesizing module 'Processor' [/home/user/Desktop/lab2_2/lab2_2.srcs/sources_1/imports/design_source/Processor.sv:8]
INFO: [Synth 8-6157] synthesizing module 'register_unit' [/home/user/Desktop/lab2_2/lab2_2.srcs/sources_1/imports/design_source/Register_unit.sv:1]
INFO: [Synth 8-6157] synthesizing module 'reg_4' [/home/user/Desktop/lab2_2/lab2_2.srcs/sources_1/imports/design_source/Reg_4.sv:1]
INFO: [Synth 8-6155] done synthesizing module 'reg_4' (0#1) [/home/user/Desktop/lab2_2/lab2_2.srcs/sources_1/imports/design_source/Reg_4.sv:1]
INFO: [Synth 8-6155] done synthesizing module 'register_unit' (0#1) [/home/user/Desktop/lab2_2/lab2_2.srcs/sources_1/imports/design_source/Register_unit.sv:1]
INFO: [Synth 8-6157] synthesizing module 'compute' [/home/user/Desktop/lab2_2/lab2_2.srcs/sources_1/imports/design_source/compute.sv:1]
INFO: [Synth 8-294] found qualifier unique on case statement: implementing as parallel_case [/home/user/Desktop/lab2_2/lab2_2.srcs/sources_1/imports/design_source/compute.sv:14]
INFO: [Synth 8-6155] done synthesizing module 'compute' (0#1) [/home/user/Desktop/lab2_2/lab2_2.srcs/sources_1/imports/design_source/compute.sv:1]
INFO: [Synth 8-6157] synthesizing module 'router' [/home/user/Desktop/lab2_2/lab2_2.srcs/sources_1/imports/design_source/Router.sv:1]
INFO: [Synth 8-294] found qualifier unique on case statement: implementing as parallel_case [/home/user/Desktop/lab2_2/lab2_2.srcs/sources_1/imports/design_source/Router.sv:13]
INFO: [Synth 8-294] found qualifier unique on case statement: implementing as parallel_case [/home/user/Desktop/lab2_2/lab2_2.srcs/sources_1/imports/design_source/Router.sv:23]
INFO: [Synth 8-6155] done synthesizing module 'router' (0#1) [/home/user/Desktop/lab2_2/lab2_2.srcs/sources_1/imports/design_source/Router.sv:1]
INFO: [Synth 8-6157] synthesizing module 'control' [/home/user/Desktop/lab2_2/lab2_2.srcs/sources_1/imports/design_source/Control.sv:3]
INFO: [Synth 8-294] found qualifier unique on case statement: implementing as parallel_case [/home/user/Desktop/lab2_2/lab2_2.srcs/sources_1/imports/design_source/Control.sv:30]
INFO: [Synth 8-294] found qualifier unique on case statement: implementing as parallel_case [/home/user/Desktop/lab2_2/lab2_2.srcs/sources_1/imports/design_source/Control.sv:59]
INFO: [Synth 8-6155] done synthesizing module 'control' (0#1) [/home/user/Desktop/lab2_2/lab2_2.srcs/sources_1/imports/design_source/Control.sv:3]
INFO: [Synth 8-6157] synthesizing module 'HexDriver' [/home/user/Desktop/lab2_2/lab2_2.srcs/sources_1/imports/design_source/HexDriver.sv:1]
INFO: [Synth 8-6157] synthesizing module 'nibble_to_hex' [/home/user/Desktop/lab2_2/lab2_2.srcs/sources_1/imports/design_source/HexDriver.sv:11]
INFO: [Synth 8-6155] done synthesizing module 'nibble_to_hex' (0#1) [/home/user/Desktop/lab2_2/lab2_2.srcs/sources_1/imports/design_source/HexDriver.sv:11]
INFO: [Synth 8-6157] synthesizing module 'nibble_to_hex' [/home/user/Desktop/lab2_2/lab2_2.srcs/sources_1/imports/design_source/HexDriver.sv:11]
INFO: [Synth 8-6155] done synthesizing module 'nibble_to_hex' (0#1) [/home/user/Desktop/lab2_2/lab2_2.srcs/sources_1/imports/design_source/HexDriver.sv:11]
INFO: [Synth 8-6157] synthesizing module 'nibble_to_hex' [/home/user/Desktop/lab2_2/lab2_2.srcs/sources_1/imports/design_source/HexDriver.sv:11]
INFO: [Synth 8-6155] done synthesizing module 'nibble_to_hex' (0#1) [/home/user/Desktop/lab2_2/lab2_2.srcs/sources_1/imports/design_source/HexDriver.sv:11]
INFO: [Synth 8-6157] synthesizing module 'nibble_to_hex' [/home/user/Desktop/lab2_2/lab2_2.srcs/sources_1/imports/design_source/HexDriver.sv:11]
INFO: [Synth 8-6155] done synthesizing module 'nibble_to_hex' (0#1) [/home/user/Desktop/lab2_2/lab2_2.srcs/sources_1/imports/design_source/HexDriver.sv:11]
INFO: [Synth 8-6155] done synthesizing module 'HexDriver' (0#1) [/home/user/Desktop/lab2_2/lab2_2.srcs/sources_1/imports/design_source/HexDriver.sv:1]
INFO: [Synth 8-6157] synthesizing module 'sync_debounce' [/home/user/Desktop/lab2_2/lab2_2.srcs/sources_1/imports/design_source/Synchronizers.sv:13]
INFO: [Synth 8-6155] done synthesizing module 'sync_debounce' (0#1) [/home/user/Desktop/lab2_2/lab2_2.srcs/sources_1/imports/design_source/Synchronizers.sv:13]
INFO: [Synth 8-6155] done synthesizing module 'Processor' (0#1) [/home/user/Desktop/lab2_2/lab2_2.srcs/sources_1/imports/design_source/Processor.sv:8]
---------------------------------------------------------------------------------
Finished RTL Elaboration : Time (s): cpu = 00:00:07 ; elapsed = 00:00:08 . Memory (MB): peak = 2528.609 ; gain = 450.012 ; free physical = 322 ; free virtual = 2505
Synthesis current peak Physical Memory [PSS] (MB): peak = 1659.825; parent = 1365.211; children = 415.306
Synthesis current peak Virtual Memory [VSS] (MB): peak = 4496.902; parent = 2528.609; children = 1968.293
---------------------------------------------------------------------------------
---------------------------------------------------------------------------------
Start Handling Custom Attributes
---------------------------------------------------------------------------------
---------------------------------------------------------------------------------
Finished Handling Custom Attributes : Time (s): cpu = 00:00:07 ; elapsed = 00:00:08 . Memory (MB): peak = 2544.121 ; gain = 465.523 ; free physical = 323 ; free virtual = 2507
Synthesis current peak Physical Memory [PSS] (MB): peak = 1662.927; parent = 1365.211; children = 415.306
Synthesis current peak Virtual Memory [VSS] (MB): peak = 4512.414; parent = 2544.121; children = 1968.293
---------------------------------------------------------------------------------
---------------------------------------------------------------------------------
Finished RTL Optimization Phase 1 : Time (s): cpu = 00:00:07 ; elapsed = 00:00:08 . Memory (MB): peak = 2544.121 ; gain = 465.523 ; free physical = 323 ; free virtual = 2507
Synthesis current peak Physical Memory [PSS] (MB): peak = 1662.927; parent = 1365.211; children = 415.306
Synthesis current peak Virtual Memory [VSS] (MB): peak = 4512.414; parent = 2544.121; children = 1968.293
---------------------------------------------------------------------------------
Netlist sorting complete. Time (s): cpu = 00:00:00.01 ; elapsed = 00:00:00.01 . Memory (MB): peak = 2544.781 ; gain = 0.051 ; free physical = 308 ; free virtual = 2498
INFO: [Project 1-570] Preparing netlist for logic optimization

Processing XDC Constraints
Initializing timing engine
Parsing XDC File [/home/user/Desktop/lab2_2/lab2_2.srcs/constrs_1/new/lab2_2.xdc]
WARNING: [Vivado 12-507] No nets matched 'LED_OBUF[3]'. [/home/user/Desktop/lab2_2/lab2_2.srcs/constrs_1/new/lab2_2.xdc:95]
CRITICAL WARNING: [Common 17-55] 'set_property' expects at least one object. [/home/user/Desktop/lab2_2/lab2_2.srcs/constrs_1/new/lab2_2.xdc:95]
Resolution: If [get_<value>] was used to populate the object, check to make sure this command returns at least one valid object.
WARNING: [Vivado 12-507] No nets matched 'Aval_OBUF[0]'. [/home/user/Desktop/lab2_2/lab2_2.srcs/constrs_1/new/lab2_2.xdc:96]
CRITICAL WARNING: [Common 17-55] 'set_property' expects at least one object. [/home/user/Desktop/lab2_2/lab2_2.srcs/constrs_1/new/lab2_2.xdc:96]
Resolution: If [get_<value>] was used to populate the object, check to make sure this command returns at least one valid object.
WARNING: [Vivado 12-507] No nets matched 'Aval_OBUF[1]'. [/home/user/Desktop/lab2_2/lab2_2.srcs/constrs_1/new/lab2_2.xdc:97]
CRITICAL WARNING: [Common 17-55] 'set_property' expects at least one object. [/home/user/Desktop/lab2_2/lab2_2.srcs/constrs_1/new/lab2_2.xdc:97]
Resolution: If [get_<value>] was used to populate the object, check to make sure this command returns at least one valid object.
WARNING: [Vivado 12-507] No nets matched 'Aval_OBUF[2]'. [/home/user/Desktop/lab2_2/lab2_2.srcs/constrs_1/new/lab2_2.xdc:98]
CRITICAL WARNING: [Common 17-55] 'set_property' expects at least one object. [/home/user/Desktop/lab2_2/lab2_2.srcs/constrs_1/new/lab2_2.xdc:98]
Resolution: If [get_<value>] was used to populate the object, check to make sure this command returns at least one valid object.
WARNING: [Vivado 12-507] No nets matched 'Aval_OBUF[3]'. [/home/user/Desktop/lab2_2/lab2_2.srcs/constrs_1/new/lab2_2.xdc:99]
CRITICAL WARNING: [Common 17-55] 'set_property' expects at least one object. [/home/user/Desktop/lab2_2/lab2_2.srcs/constrs_1/new/lab2_2.xdc:99]
Resolution: If [get_<value>] was used to populate the object, check to make sure this command returns at least one valid object.
WARNING: [Vivado 12-507] No nets matched 'Aval_OBUF[4]'. [/home/user/Desktop/lab2_2/lab2_2.srcs/constrs_1/new/lab2_2.xdc:100]
CRITICAL WARNING: [Common 17-55] 'set_property' expects at least one object. [/home/user/Desktop/lab2_2/lab2_2.srcs/constrs_1/new/lab2_2.xdc:100]
Resolution: If [get_<value>] was used to populate the object, check to make sure this command returns at least one valid object.
WARNING: [Vivado 12-507] No nets matched 'Aval_OBUF[5]'. [/home/user/Desktop/lab2_2/lab2_2.srcs/constrs_1/new/lab2_2.xdc:101]
CRITICAL WARNING: [Common 17-55] 'set_property' expects at least one object. [/home/user/Desktop/lab2_2/lab2_2.srcs/constrs_1/new/lab2_2.xdc:101]
Resolution: If [get_<value>] was used to populate the object, check to make sure this command returns at least one valid object.
WARNING: [Vivado 12-507] No nets matched 'Aval_OBUF[6]'. [/home/user/Desktop/lab2_2/lab2_2.srcs/constrs_1/new/lab2_2.xdc:102]
CRITICAL WARNING: [Common 17-55] 'set_property' expects at least one object. [/home/user/Desktop/lab2_2/lab2_2.srcs/constrs_1/new/lab2_2.xdc:102]
Resolution: If [get_<value>] was used to populate the object, check to make sure this command returns at least one valid object.
WARNING: [Vivado 12-507] No nets matched 'Aval_OBUF[7]'. [/home/user/Desktop/lab2_2/lab2_2.srcs/constrs_1/new/lab2_2.xdc:103]
CRITICAL WARNING: [Common 17-55] 'set_property' expects at least one object. [/home/user/Desktop/lab2_2/lab2_2.srcs/constrs_1/new/lab2_2.xdc:103]
Resolution: If [get_<value>] was used to populate the object, check to make sure this command returns at least one valid object.
WARNING: [Vivado 12-507] No nets matched 'Bval_OBUF[0]'. [/home/user/Desktop/lab2_2/lab2_2.srcs/constrs_1/new/lab2_2.xdc:104]
CRITICAL WARNING: [Common 17-55] 'set_property' expects at least one object. [/home/user/Desktop/lab2_2/lab2_2.srcs/constrs_1/new/lab2_2.xdc:104]
Resolution: If [get_<value>] was used to populate the object, check to make sure this command returns at least one valid object.
WARNING: [Vivado 12-507] No nets matched 'Bval_OBUF[1]'. [/home/user/Desktop/lab2_2/lab2_2.srcs/constrs_1/new/lab2_2.xdc:105]
CRITICAL WARNING: [Common 17-55] 'set_property' expects at least one object. [/home/user/Desktop/lab2_2/lab2_2.srcs/constrs_1/new/lab2_2.xdc:105]
Resolution: If [get_<value>] was used to populate the object, check to make sure this command returns at least one valid object.
WARNING: [Vivado 12-507] No nets matched 'Bval_OBUF[2]'. [/home/user/Desktop/lab2_2/lab2_2.srcs/constrs_1/new/lab2_2.xdc:106]
CRITICAL WARNING: [Common 17-55] 'set_property' expects at least one object. [/home/user/Desktop/lab2_2/lab2_2.srcs/constrs_1/new/lab2_2.xdc:106]
Resolution: If [get_<value>] was used to populate the object, check to make sure this command returns at least one valid object.
WARNING: [Vivado 12-507] No nets matched 'Bval_OBUF[3]'. [/home/user/Desktop/lab2_2/lab2_2.srcs/constrs_1/new/lab2_2.xdc:107]
CRITICAL WARNING: [Common 17-55] 'set_property' expects at least one object. [/home/user/Desktop/lab2_2/lab2_2.srcs/constrs_1/new/lab2_2.xdc:107]
Resolution: If [get_<value>] was used to populate the object, check to make sure this command returns at least one valid object.
WARNING: [Vivado 12-507] No nets matched 'Bval_OBUF[4]'. [/home/user/Desktop/lab2_2/lab2_2.srcs/constrs_1/new/lab2_2.xdc:108]
CRITICAL WARNING: [Common 17-55] 'set_property' expects at least one object. [/home/user/Desktop/lab2_2/lab2_2.srcs/constrs_1/new/lab2_2.xdc:108]
Resolution: If [get_<value>] was used to populate the object, check to make sure this command returns at least one valid object.
WARNING: [Vivado 12-507] No nets matched 'Bval_OBUF[5]'. [/home/user/Desktop/lab2_2/lab2_2.srcs/constrs_1/new/lab2_2.xdc:109]
CRITICAL WARNING: [Common 17-55] 'set_property' expects at least one object. [/home/user/Desktop/lab2_2/lab2_2.srcs/constrs_1/new/lab2_2.xdc:109]
Resolution: If [get_<value>] was used to populate the object, check to make sure this command returns at least one valid object.
WARNING: [Vivado 12-507] No nets matched 'Bval_OBUF[6]'. [/home/user/Desktop/lab2_2/lab2_2.srcs/constrs_1/new/lab2_2.xdc:110]
CRITICAL WARNING: [Common 17-55] 'set_property' expects at least one object. [/home/user/Desktop/lab2_2/lab2_2.srcs/constrs_1/new/lab2_2.xdc:110]
Resolution: If [get_<value>] was used to populate the object, check to make sure this command returns at least one valid object.
WARNING: [Vivado 12-507] No nets matched 'Bval_OBUF[7]'. [/home/user/Desktop/lab2_2/lab2_2.srcs/constrs_1/new/lab2_2.xdc:111]
CRITICAL WARNING: [Common 17-55] 'set_property' expects at least one object. [/home/user/Desktop/lab2_2/lab2_2.srcs/constrs_1/new/lab2_2.xdc:111]
Resolution: If [get_<value>] was used to populate the object, check to make sure this command returns at least one valid object.
Finished Parsing XDC File [/home/user/Desktop/lab2_2/lab2_2.srcs/constrs_1/new/lab2_2.xdc]
INFO: [Project 1-236] Implementation specific constraints were found while reading constraint file [/home/user/Desktop/lab2_2/lab2_2.srcs/constrs_1/new/lab2_2.xdc]. These constraints will be ignored for synthesis but will be used in implementation. Impacted constraints are listed in the file [.Xil/Processor_propImpl.xdc].
Resolution: To avoid this warning, move constraints listed in [.Xil/Processor_propImpl.xdc] to another XDC file and exclude this new file from synthesis with the used_in_synthesis property (File Properties dialog in GUI) and re-run elaboration/synthesis.
Completed Processing XDC Constraints

Netlist sorting complete. Time (s): cpu = 00:00:00 ; elapsed = 00:00:00 . Memory (MB): peak = 2715.496 ; gain = 0.000 ; free physical = 174 ; free virtual = 2404
INFO: [Project 1-111] Unisim Transformation Summary:
No Unisim elements were transformed.

Constraint Validation Runtime : Time (s): cpu = 00:00:00 ; elapsed = 00:00:00.01 . Memory (MB): peak = 2715.559 ; gain = 0.047 ; free physical = 173 ; free virtual = 2404
INFO: [Designutils 20-5440] No compile time benefit to using incremental synthesis; A full resynthesis will be run
INFO: [Designutils 20-4379] Flow is switching to default flow due to incremental criteria not met. If you would like to alter this behaviour and have the flow terminate instead, please set the following parameter config_implementation {autoIncr.Synth.RejectBehavior Terminate}
INFO: [Synth 8-11241] undeclared symbol 'REGCCE', assumed default net type 'wire' [/home/user/Xilinx/Vivado/2022.2/data/verilog/src/unimacro/BRAM_SINGLE_MACRO.v:2170]
---------------------------------------------------------------------------------
Finished Constraint Validation : Time (s): cpu = 00:00:14 ; elapsed = 00:00:16 . Memory (MB): peak = 2715.680 ; gain = 637.082 ; free physical = 181 ; free virtual = 2425
Synthesis current peak Physical Memory [PSS] (MB): peak = 1762.647; parent = 1365.211; children = 415.306
Synthesis current peak Virtual Memory [VSS] (MB): peak = 4658.691; parent = 2690.398; children = 1968.293
---------------------------------------------------------------------------------
---------------------------------------------------------------------------------
Start Loading Part and Timing Information
---------------------------------------------------------------------------------
Loading part: xc7s50csga324-1
---------------------------------------------------------------------------------
Finished Loading Part and Timing Information : Time (s): cpu = 00:00:14 ; elapsed = 00:00:16 . Memory (MB): peak = 2715.680 ; gain = 637.082 ; free physical = 181 ; free virtual = 2425
Synthesis current peak Physical Memory [PSS] (MB): peak = 1762.647; parent = 1365.211; children = 415.306
Synthesis current peak Virtual Memory [VSS] (MB): peak = 4658.812; parent = 2690.520; children = 1968.293
---------------------------------------------------------------------------------
---------------------------------------------------------------------------------
Start Applying 'set_property' XDC Constraints
---------------------------------------------------------------------------------
---------------------------------------------------------------------------------
Finished applying 'set_property' XDC Constraints : Time (s): cpu = 00:00:14 ; elapsed = 00:00:16 . Memory (MB): peak = 2715.680 ; gain = 637.082 ; free physical = 181 ; free virtual = 2425
Synthesis current peak Physical Memory [PSS] (MB): peak = 1762.647; parent = 1365.211; children = 415.306
Synthesis current peak Virtual Memory [VSS] (MB): peak = 4658.859; parent = 2690.566; children = 1968.293
---------------------------------------------------------------------------------
INFO: [Synth 8-802] inferred FSM for state register 'curr_state_reg' in module 'control'
---------------------------------------------------------------------------------------------------
                   State |                     New Encoding |                Previous Encoding 
---------------------------------------------------------------------------------------------------
                 s_start |                              000 |                              000
                s_count0 |                              001 |                              001
                s_count1 |                              010 |                              010
                s_count2 |                              011 |                              011
                s_count3 |                              100 |                              100
                  s_done |                              101 |                              101
                  iSTATE |                              110 |                              111
---------------------------------------------------------------------------------------------------
INFO: [Synth 8-3354] encoded FSM with state register 'curr_state_reg' using encoding 'sequential' in module 'control'
---------------------------------------------------------------------------------
Finished RTL Optimization Phase 2 : Time (s): cpu = 00:00:14 ; elapsed = 00:00:17 . Memory (MB): peak = 2715.680 ; gain = 637.082 ; free physical = 153 ; free virtual = 2398
Synthesis current peak Physical Memory [PSS] (MB): peak = 1766.485; parent = 1365.211; children = 415.306
Synthesis current peak Virtual Memory [VSS] (MB): peak = 4659.969; parent = 2691.676; children = 1968.293
---------------------------------------------------------------------------------
---------------------------------------------------------------------------------
Start RTL Component Statistics 
---------------------------------------------------------------------------------
Detailed RTL Component Info : 
+---XORs : 
	   2 Input      1 Bit         XORs := 18    
+---Registers : 
	                8 Bit    Registers := 2     
	                1 Bit    Registers := 51    
+---Muxes : 
	   2 Input    8 Bit        Muxes := 3     
	   4 Input    8 Bit        Muxes := 1     
	   5 Input    4 Bit        Muxes := 1     
	   6 Input    3 Bit        Muxes := 1     
	   2 Input    3 Bit        Muxes := 1     
	   2 Input    1 Bit        Muxes := 2     
	   4 Input    1 Bit        Muxes := 2     
	   3 Input    1 Bit        Muxes := 3     
	   7 Input    1 Bit        Muxes := 1     
---------------------------------------------------------------------------------
Finished RTL Component Statistics 
---------------------------------------------------------------------------------
---------------------------------------------------------------------------------
Start Part Resource Summary
---------------------------------------------------------------------------------
Part Resources:
DSPs: 120 (col length:60)
BRAMs: 150 (col length: RAMB18 60 RAMB36 30)
---------------------------------------------------------------------------------
Finished Part Resource Summary
---------------------------------------------------------------------------------
---------------------------------------------------------------------------------
Start Cross Boundary and Area Optimization
---------------------------------------------------------------------------------
WARNING: [Synth 8-7080] Parallel synthesis criteria is not met
WARNING: [Synth 8-3917] design Processor has port hex_seg[7] driven by constant 1
---------------------------------------------------------------------------------
Finished Cross Boundary and Area Optimization : Time (s): cpu = 00:00:16 ; elapsed = 00:00:18 . Memory (MB): peak = 2715.680 ; gain = 637.082 ; free physical = 171 ; free virtual = 2422
Synthesis current peak Physical Memory [PSS] (MB): peak = 1787.013; parent = 1378.415; children = 415.306
Synthesis current peak Virtual Memory [VSS] (MB): peak = 4661.535; parent = 2693.242; children = 1968.293
---------------------------------------------------------------------------------
---------------------------------------------------------------------------------
Start Applying XDC Timing Constraints
---------------------------------------------------------------------------------
---------------------------------------------------------------------------------
Finished Applying XDC Timing Constraints : Time (s): cpu = 00:00:21 ; elapsed = 00:00:24 . Memory (MB): peak = 2737.395 ; gain = 658.797 ; free physical = 113 ; free virtual = 2284
Synthesis current peak Physical Memory [PSS] (MB): peak = 1980.669; parent = 1573.622; children = 415.306
Synthesis current peak Virtual Memory [VSS] (MB): peak = 4705.688; parent = 2737.395; children = 1968.293
---------------------------------------------------------------------------------
---------------------------------------------------------------------------------
Start Timing Optimization
---------------------------------------------------------------------------------
---------------------------------------------------------------------------------
Finished Timing Optimization : Time (s): cpu = 00:00:21 ; elapsed = 00:00:24 . Memory (MB): peak = 2737.426 ; gain = 658.828 ; free physical = 113 ; free virtual = 2284
Synthesis current peak Physical Memory [PSS] (MB): peak = 1980.810; parent = 1573.763; children = 415.306
Synthesis current peak Virtual Memory [VSS] (MB): peak = 4705.719; parent = 2737.426; children = 1968.293
---------------------------------------------------------------------------------
---------------------------------------------------------------------------------
Start Technology Mapping
---------------------------------------------------------------------------------
---------------------------------------------------------------------------------
Finished Technology Mapping : Time (s): cpu = 00:00:21 ; elapsed = 00:00:25 . Memory (MB): peak = 2737.621 ; gain = 659.023 ; free physical = 93 ; free virtual = 2264
Synthesis current peak Physical Memory [PSS] (MB): peak = 1982.415; parent = 1575.368; children = 415.306
Synthesis current peak Virtual Memory [VSS] (MB): peak = 4705.914; parent = 2737.621; children = 1968.293
---------------------------------------------------------------------------------
---------------------------------------------------------------------------------
Start IO Insertion
---------------------------------------------------------------------------------
---------------------------------------------------------------------------------
Start Flattening Before IO Insertion
---------------------------------------------------------------------------------
---------------------------------------------------------------------------------
Finished Flattening Before IO Insertion
---------------------------------------------------------------------------------
---------------------------------------------------------------------------------
Start Final Netlist Cleanup
---------------------------------------------------------------------------------
---------------------------------------------------------------------------------
Finished Final Netlist Cleanup
---------------------------------------------------------------------------------
---------------------------------------------------------------------------------
Finished IO Insertion : Time (s): cpu = 00:00:26 ; elapsed = 00:00:29 . Memory (MB): peak = 2737.766 ; gain = 659.168 ; free physical = 87 ; free virtual = 2264
Synthesis current peak Physical Memory [PSS] (MB): peak = 1984.736; parent = 1577.716; children = 415.306
Synthesis current peak Virtual Memory [VSS] (MB): peak = 4706.059; parent = 2737.766; children = 1968.293
---------------------------------------------------------------------------------
---------------------------------------------------------------------------------
Start Renaming Generated Instances
---------------------------------------------------------------------------------
---------------------------------------------------------------------------------
Finished Renaming Generated Instances : Time (s): cpu = 00:00:26 ; elapsed = 00:00:29 . Memory (MB): peak = 2737.781 ; gain = 659.184 ; free physical = 85 ; free virtual = 2263
Synthesis current peak Physical Memory [PSS] (MB): peak = 1984.768; parent = 1577.747; children = 415.306
Synthesis current peak Virtual Memory [VSS] (MB): peak = 4706.074; parent = 2737.781; children = 1968.293
---------------------------------------------------------------------------------
---------------------------------------------------------------------------------
Start Rebuilding User Hierarchy
---------------------------------------------------------------------------------
---------------------------------------------------------------------------------
Finished Rebuilding User Hierarchy : Time (s): cpu = 00:00:26 ; elapsed = 00:00:29 . Memory (MB): peak = 2737.832 ; gain = 659.234 ; free physical = 85 ; free virtual = 2263
Synthesis current peak Physical Memory [PSS] (MB): peak = 1984.893; parent = 1577.872; children = 415.306
Synthesis current peak Virtual Memory [VSS] (MB): peak = 4706.125; parent = 2737.832; children = 1968.293
---------------------------------------------------------------------------------
---------------------------------------------------------------------------------
Start Renaming Generated Ports
---------------------------------------------------------------------------------
---------------------------------------------------------------------------------
Finished Renaming Generated Ports : Time (s): cpu = 00:00:26 ; elapsed = 00:00:29 . Memory (MB): peak = 2737.840 ; gain = 659.242 ; free physical = 85 ; free virtual = 2263
Synthesis current peak Physical Memory [PSS] (MB): peak = 1984.900; parent = 1577.880; children = 415.306
Synthesis current peak Virtual Memory [VSS] (MB): peak = 4706.133; parent = 2737.840; children = 1968.293
---------------------------------------------------------------------------------
---------------------------------------------------------------------------------
Start Handling Custom Attributes
---------------------------------------------------------------------------------
---------------------------------------------------------------------------------
Finished Handling Custom Attributes : Time (s): cpu = 00:00:26 ; elapsed = 00:00:29 . Memory (MB): peak = 2737.863 ; gain = 659.266 ; free physical = 85 ; free virtual = 2263
Synthesis current peak Physical Memory [PSS] (MB): peak = 1984.924; parent = 1577.903; children = 415.306
Synthesis current peak Virtual Memory [VSS] (MB): peak = 4706.156; parent = 2737.863; children = 1968.293
---------------------------------------------------------------------------------
---------------------------------------------------------------------------------
Start Renaming Generated Nets
---------------------------------------------------------------------------------
---------------------------------------------------------------------------------
Finished Renaming Generated Nets : Time (s): cpu = 00:00:26 ; elapsed = 00:00:29 . Memory (MB): peak = 2737.867 ; gain = 659.270 ; free physical = 85 ; free virtual = 2263
Synthesis current peak Physical Memory [PSS] (MB): peak = 1984.959; parent = 1577.938; children = 415.306
Synthesis current peak Virtual Memory [VSS] (MB): peak = 4706.160; parent = 2737.867; children = 1968.293
---------------------------------------------------------------------------------
---------------------------------------------------------------------------------
Start Writing Synthesis Report
---------------------------------------------------------------------------------

Report BlackBoxes: 
+-+--------------+----------+
| |BlackBox name |Instances |
+-+--------------+----------+
+-+--------------+----------+

Report Cell Usage: 
+------+-------+------+
|      |Cell   |Count |
+------+-------+------+
|1     |BUFG   |     1|
|2     |CARRY4 |    73|
|3     |LUT1   |    35|
|4     |LUT2   |    17|
|5     |LUT3   |    11|
|6     |LUT4   |    26|
|7     |LUT5   |     3|
|8     |LUT6   |    28|
|9     |FDRE   |   359|
|10    |IBUF   |    18|
|11    |OBUF   |    32|
+------+-------+------+
---------------------------------------------------------------------------------
Finished Writing Synthesis Report : Time (s): cpu = 00:00:26 ; elapsed = 00:00:30 . Memory (MB): peak = 2737.898 ; gain = 659.301 ; free physical = 84 ; free virtual = 2263
Synthesis current peak Physical Memory [PSS] (MB): peak = 1985.021; parent = 1578.001; children = 415.306
Synthesis current peak Virtual Memory [VSS] (MB): peak = 4706.191; parent = 2737.898; children = 1968.293
---------------------------------------------------------------------------------
Synthesis finished with 0 errors, 0 critical warnings and 2 warnings.
Synthesis Optimization Runtime : Time (s): cpu = 00:00:24 ; elapsed = 00:00:27 . Memory (MB): peak = 2737.930 ; gain = 487.773 ; free physical = 121 ; free virtual = 2300
Synthesis Optimization Complete : Time (s): cpu = 00:00:26 ; elapsed = 00:00:30 . Memory (MB): peak = 2737.961 ; gain = 659.332 ; free physical = 121 ; free virtual = 2301
INFO: [Project 1-571] Translating synthesized netlist
Netlist sorting complete. Time (s): cpu = 00:00:00.01 ; elapsed = 00:00:00.01 . Memory (MB): peak = 2738.379 ; gain = 0.004 ; free physical = 87 ; free virtual = 2292
INFO: [Netlist 29-17] Analyzing 73 Unisim elements for replacement
INFO: [Netlist 29-28] Unisim Transformation completed in 0 CPU seconds
INFO: [Project 1-570] Preparing netlist for logic optimization
INFO: [Opt 31-138] Pushed 0 inverter(s) to 0 load pin(s).
Netlist sorting complete. Time (s): cpu = 00:00:00 ; elapsed = 00:00:00 . Memory (MB): peak = 2765.109 ; gain = 0.000 ; free physical = 248 ; free virtual = 2464
INFO: [Project 1-111] Unisim Transformation Summary:
No Unisim elements were transformed.

Synth Design complete, checksum: bf49067c
INFO: [Common 17-83] Releasing license: Synthesis
54 Infos, 20 Warnings, 17 Critical Warnings and 0 Errors encountered.
synth_design completed successfully
synth_design: Time (s): cpu = 00:00:37 ; elapsed = 00:00:36 . Memory (MB): peak = 2765.160 ; gain = 1022.000 ; free physical = 391 ; free virtual = 2607
INFO: [runtcl-6] Synthesis results are not added to the cache due to CRITICAL_WARNING
INFO: [Common 17-1381] The checkpoint '/home/user/Desktop/lab2_2/lab2_2.runs/synth_1/Processor.dcp' has been generated.
INFO: [runtcl-4] Executing : report_utilization -file Processor_utilization_synth.rpt -pb Processor_utilization_synth.pb
INFO: [Common 17-206] Exiting Vivado at Fri Feb  7 06:46:30 2025...
